<html>
<head>
<title>TestNG:  smoketest</title>
<link href="../testng.css" rel="stylesheet" type="text/css" />
<link href="../my-testng.css" rel="stylesheet" type="text/css" />

<style type="text/css">
.log { display: none;} 
.stack-trace { display: none;} 
</style>
<script type="text/javascript">
<!--
function flip(e) {
  current = e.style.display;
  if (current == 'block') {
    e.style.display = 'none';
    return 0;
  }
  else {
    e.style.display = 'block';
    return 1;
  }
}

function toggleBox(szDivId, elem, msg1, msg2)
{
  var res = -1;  if (document.getElementById) {
    res = flip(document.getElementById(szDivId));
  }
  else if (document.all) {
    // this is the way old msie versions work
    res = flip(document.all[szDivId]);
  }
  if(elem) {
    if(res == 0) elem.innerHTML = msg1; else elem.innerHTML = msg2;
  }

}

function toggleAllBoxes() {
  if (document.getElementsByTagName) {
    d = document.getElementsByTagName('div');
    for (i = 0; i < d.length; i++) {
      if (d[i].className == 'log') {
        flip(d[i]);
      }
    }
  }
}

// -->
</script>

</head>
<body>
<h2 align='center'>smoketest</h2><table border='1' align="center">
<tr>
<td>Tests passed/Failed/Skipped:</td><td>5/1/0</td>
</tr><tr>
<td>Started on:</td><td>Mon Jun 24 08:03:57 IST 2024</td>
</tr>
<tr><td>Total time:</td><td>36 seconds (36850 ms)</td>
</tr><tr>
<td>Included groups:</td><td></td>
</tr><tr>
<td>Excluded groups:</td><td></td>
</tr>
</table><p/>
<small><i>(Hover the method name to see the test class name)</i></small><p/>
<table width='100%' border='1' class='invocation-failed'>
<tr><td colspan='4' align='center'><b>FAILED TESTS</b></td></tr>
<tr><td><b>Test method</b></td>
<td width="30%"><b>Exception</b></td>
<td width="10%"><b>Time (seconds)</b></td>
<td><b>Instance</b></td>
</tr>
<tr>
<td title='basics.LaunchBrowser.verifyTitle()'><b>verifyTitle</b><br>Test class: basics.LaunchBrowser</td>
<td><div><pre>java.lang.AssertionError: expected [reshmaObsqura Testing] but found [Obsqura Testing]
	at basics.LaunchBrowser.verifyTitle(LaunchBrowser.java:32)
	at java.base/java.util.concurrent.ThreadPoolExecutor.runWorker(ThreadPoolExecutor.java:1136)
	at java.base/java.util.concurrent.ThreadPoolExecutor$Worker.run(ThreadPoolExecutor.java:635)
	at java.base/java.lang.Thread.run(Thread.java:840)
... Removed 18 stack frames</pre></div><a href='#' onClick='toggleBox("stack-trace1956344199", this, "Click to show all stack frames", "Click to hide stack frames")'>Click to show all stack frames</a>
<div class='stack-trace' id='stack-trace1956344199'><pre>java.lang.AssertionError: expected [reshmaObsqura Testing] but found [Obsqura Testing]
	at org.testng.Assert.fail(Assert.java:99)
	at org.testng.Assert.failNotEquals(Assert.java:1037)
	at org.testng.Assert.assertEqualsImpl(Assert.java:140)
	at org.testng.Assert.assertEquals(Assert.java:122)
	at org.testng.Assert.assertEquals(Assert.java:629)
	at org.testng.Assert.assertEquals(Assert.java:639)
	at basics.LaunchBrowser.verifyTitle(LaunchBrowser.java:32)
	at java.base/jdk.internal.reflect.NativeMethodAccessorImpl.invoke0(Native Method)
	at java.base/jdk.internal.reflect.NativeMethodAccessorImpl.invoke(NativeMethodAccessorImpl.java:77)
	at java.base/jdk.internal.reflect.DelegatingMethodAccessorImpl.invoke(DelegatingMethodAccessorImpl.java:43)
	at java.base/java.lang.reflect.Method.invoke(Method.java:568)
	at org.testng.internal.MethodInvocationHelper.invokeMethod(MethodInvocationHelper.java:133)
	at org.testng.internal.TestInvoker.invokeMethod(TestInvoker.java:598)
	at org.testng.internal.TestInvoker.invokeTestMethod(TestInvoker.java:173)
	at org.testng.internal.MethodRunner.runInSequence(MethodRunner.java:46)
	at org.testng.internal.TestInvoker$MethodInvocationAgent.invoke(TestInvoker.java:824)
	at org.testng.internal.TestInvoker.invokeTestMethods(TestInvoker.java:146)
	at org.testng.internal.TestMethodWorker.invokeTestMethods(TestMethodWorker.java:146)
	at org.testng.internal.TestMethodWorker.run(TestMethodWorker.java:128)
	at java.base/java.util.concurrent.ThreadPoolExecutor.runWorker(ThreadPoolExecutor.java:1136)
	at java.base/java.util.concurrent.ThreadPoolExecutor$Worker.run(ThreadPoolExecutor.java:635)
	at java.base/java.lang.Thread.run(Thread.java:840)
</pre></div></td>
<td>0</td>
<td>basics.LaunchBrowser@6574a52c</td></tr>
</table><p>
<table width='100%' border='1' class='invocation-passed'>
<tr><td colspan='4' align='center'><b>PASSED TESTS</b></td></tr>
<tr><td><b>Test method</b></td>
<td width="30%"><b>Exception</b></td>
<td width="10%"><b>Time (seconds)</b></td>
<td><b>Instance</b></td>
</tr>
<tr>
<td title='basics.LaunchBrowser.verifyWhetherShowMessageButtonEnabled()'><b>verifyWhetherShowMessageButtonEnabled</b><br>Test class: basics.LaunchBrowser</td>
<td></td>
<td>0</td>
<td>basics.LaunchBrowser@6574a52c</td></tr>
<tr>
<td title='basics.LaunchBrowser.verifyShowMessage()'><b>verifyShowMessage</b><br>Test class: basics.LaunchBrowser</td>
<td></td>
<td>0</td>
<td>basics.LaunchBrowser@6574a52c</td></tr>
<tr>
<td title='basics.LaunchBrowser.verifyWhetherShowMessageButtonEnabled()'><b>verifyWhetherShowMessageButtonEnabled</b><br>Test class: basics.LaunchBrowser</td>
<td></td>
<td>0</td>
<td>basics.LaunchBrowser@6574a52c</td></tr>
<tr>
<td title='basics.LaunchBrowser.verifyWhetherShowMessageButtonEnabled()'><b>verifyWhetherShowMessageButtonEnabled</b><br>Test class: basics.LaunchBrowser</td>
<td></td>
<td>0</td>
<td>basics.LaunchBrowser@6574a52c</td></tr>
<tr>
<td title='basics.AssertionExample.verifyJqueyHeader()'><b>verifyJqueyHeader</b><br>Test class: basics.AssertionExample</td>
<td></td>
<td>0</td>
<td>basics.AssertionExample@45099dd3</td></tr>
</table><p>
</body>
</html>